<?xml version="1.0" encoding="UTF-8"?>
<!-- Generated by org.testng.reporters.JUnitReportReporter -->
<testsuite skipped="0" hostname="DESKTOP-1LUFCQJ" name="org.test.ExecutionClass" tests="9" failures="0" timestamp="02 Sep 2021 14:27:21 GMT" time="54.772" errors="0">
  <testcase name="tc3" time="6.484" classname="org.test.ExecutionClass"/>
  <testcase name="tc4" time="11.980" classname="org.test.ExecutionClass"/>
  <testcase name="tc1" time="3.706" classname="org.test.ExecutionClass"/>
  <testcase name="tc6" time="0.003" classname="org.test.ExecutionClass"/>
  <testcase name="tc7" time="6.782" classname="org.test.ExecutionClass"/>
  <testcase name="tc8" time="12.377" classname="org.test.ExecutionClass"/>
  <testcase name="tc2" time="0.861" classname="org.test.ExecutionClass"/>
  <testcase name="tc5" time="6.988" classname="org.test.ExecutionClass"/>
  <testcase name="tc9" time="5.591" classname="org.test.ExecutionClass"/>
</testsuite> <!-- org.test.ExecutionClass -->
